[     367ms] [INFO] %cDownload the React DevTools for a better development experience: https://reactjs.org/link/react-devtools font-weight:bold @ webpack-internal:///(app-pages-browser)/./node_modules/.pnpm/next@14.2.35_react-dom@18.3.1_react@18.3.1__react@18.3.1_sass@1.97.3/node_modules/next/dist/compiled/react-dom/cjs/react-dom.development.js:38559
[    1529ms] [LOG] %c[Vercel Web Analytics]%c Debug mode is enabled by default in development. No requests will be sent to the server. color: rgb(120, 120, 120) color: inherit @ https://va.vercel-scripts.com/v1/script.debug.js:0
[    1529ms] [LOG] %c[Vercel Web Analytics]%c [view] http://localhost:3005/es/ia color: rgb(120, 120, 120) color: inherit {o: http://localhost:3005/es/ia, sv: 0.1.3, sdkn: @vercel/analytics/react, sdkv: 2.0.1, ts: 1784056524260} /_vercel/insights/view @ https://va.vercel-scripts.com/v1/script.debug.js:0
[   14584ms] [WARNING] Image with src "/images/services/hero.jpg" was detected as the Largest Contentful Paint (LCP). Please add the "priority" property if this image is above the fold.
Read more: https://nextjs.org/docs/api-reference/next/image#priority @ webpack-internal:///(app-pages-browser)/./node_modules/.pnpm/next@14.2.35_react-dom@18.3.1_react@18.3.1__react@18.3.1_sass@1.97.3/node_modules/next/dist/shared/lib/utils/warn-once.js:15
[  125734ms] [INFO] %cDownload the React DevTools for a better development experience: https://reactjs.org/link/react-devtools font-weight:bold @ webpack-internal:///(app-pages-browser)/./node_modules/.pnpm/next@14.2.35_react-dom@18.3.1_react@18.3.1__react@18.3.1_sass@1.97.3/node_modules/next/dist/compiled/react-dom/cjs/react-dom.development.js:38559
[  127441ms] [LOG] %c[Vercel Web Analytics]%c Debug mode is enabled by default in development. No requests will be sent to the server. color: rgb(120, 120, 120) color: inherit @ https://va.vercel-scripts.com/v1/script.debug.js:0
[  127441ms] [LOG] %c[Vercel Web Analytics]%c [view] http://localhost:3005/es/ia color: rgb(120, 120, 120) color: inherit {o: http://localhost:3005/es/ia, sv: 0.1.3, sdkn: @vercel/analytics/react, sdkv: 2.0.1, ts: 1784056650172} /_vercel/insights/view @ https://va.vercel-scripts.com/v1/script.debug.js:0
[  141536ms] [WARNING] Image with src "/images/services/hero.jpg" was detected as the Largest Contentful Paint (LCP). Please add the "priority" property if this image is above the fold.
Read more: https://nextjs.org/docs/api-reference/next/image#priority @ webpack-internal:///(app-pages-browser)/./node_modules/.pnpm/next@14.2.35_react-dom@18.3.1_react@18.3.1__react@18.3.1_sass@1.97.3/node_modules/next/dist/shared/lib/utils/warn-once.js:15
[  479237ms] [LOG] [Fast Refresh] rebuilding @ webpack-internal:///(app-pages-browser)/./node_modules/.pnpm/next@14.2.35_react-dom@18.3.1_react@18.3.1__react@18.3.1_sass@1.97.3/node_modules/next/dist/client/components/react-dev-overlay/app/hot-reloader-client.js:186
[  479821ms] [LOG] [Fast Refresh] done in 585ms @ webpack-internal:///(app-pages-browser)/./node_modules/.pnpm/next@14.2.35_react-dom@18.3.1_react@18.3.1__react@18.3.1_sass@1.97.3/node_modules/next/dist/client/components/react-dev-overlay/app/hot-reloader-client.js:43
[  481123ms] [LOG] %c[Vercel Web Analytics]%c [view] http://localhost:3005/es color: rgb(120, 120, 120) color: inherit {o: http://localhost:3005/es, sv: 0.1.3, sdkn: @vercel/analytics/react, sdkv: 2.0.1, ts: 1784057003836} /_vercel/insights/view @ https://va.vercel-scripts.com/v1/script.debug.js:0
[  486252ms] [LOG] %c[Vercel Web Analytics]%c [view] http://localhost:3005/es/ia color: rgb(120, 120, 120) color: inherit {o: http://localhost:3005/es/ia, sv: 0.1.3, sdkn: @vercel/analytics/react, sdkv: 2.0.1, ts: 1784057008973} /_vercel/insights/view @ https://va.vercel-scripts.com/v1/script.debug.js:0
[  501576ms] [INFO] %cDownload the React DevTools for a better development experience: https://reactjs.org/link/react-devtools font-weight:bold @ webpack-internal:///(app-pages-browser)/./node_modules/.pnpm/next@14.2.35_react-dom@18.3.1_react@18.3.1__react@18.3.1_sass@1.97.3/node_modules/next/dist/compiled/react-dom/cjs/react-dom.development.js:38559
[  502481ms] [LOG] %c[Vercel Web Analytics]%c Debug mode is enabled by default in development. No requests will be sent to the server. color: rgb(120, 120, 120) color: inherit @ https://va.vercel-scripts.com/v1/script.debug.js:0
[  502481ms] [LOG] %c[Vercel Web Analytics]%c [view] http://localhost:3005/es/ia color: rgb(120, 120, 120) color: inherit {o: http://localhost:3005/es/ia, sv: 0.1.3, sdkn: @vercel/analytics/react, sdkv: 2.0.1, ts: 1784057025212} /_vercel/insights/view @ https://va.vercel-scripts.com/v1/script.debug.js:0
[  504987ms] [LOG] [Fast Refresh] rebuilding @ webpack-internal:///(app-pages-browser)/./node_modules/.pnpm/next@14.2.35_react-dom@18.3.1_react@18.3.1__react@18.3.1_sass@1.97.3/node_modules/next/dist/client/components/react-dev-overlay/app/hot-reloader-client.js:186
[  505383ms] [LOG] [Fast Refresh] done in 395ms @ webpack-internal:///(app-pages-browser)/./node_modules/.pnpm/next@14.2.35_react-dom@18.3.1_react@18.3.1__react@18.3.1_sass@1.97.3/node_modules/next/dist/client/components/react-dev-overlay/app/hot-reloader-client.js:43
[  506316ms] [LOG] %c[Vercel Web Analytics]%c [view] http://localhost:3005/es/blog color: rgb(120, 120, 120) color: inherit {o: http://localhost:3005/es/blog, sv: 0.1.3, sdkn: @vercel/analytics/react, sdkv: 2.0.1, ts: 1784057029038} /_vercel/insights/view @ https://va.vercel-scripts.com/v1/script.debug.js:0
[  532082ms] [INFO] %cDownload the React DevTools for a better development experience: https://reactjs.org/link/react-devtools font-weight:bold @ webpack-internal:///(app-pages-browser)/./node_modules/.pnpm/next@14.2.35_react-dom@18.3.1_react@18.3.1__react@18.3.1_sass@1.97.3/node_modules/next/dist/compiled/react-dom/cjs/react-dom.development.js:38559
[  532614ms] [LOG] %c[Vercel Web Analytics]%c Debug mode is enabled by default in development. No requests will be sent to the server. color: rgb(120, 120, 120) color: inherit @ https://va.vercel-scripts.com/v1/script.debug.js:0
[  532614ms] [LOG] %c[Vercel Web Analytics]%c [view] http://localhost:3005/es/ia color: rgb(120, 120, 120) color: inherit {o: http://localhost:3005/es/ia, sv: 0.1.3, sdkn: @vercel/analytics/react, sdkv: 2.0.1, ts: 1784057055345} /_vercel/insights/view @ https://va.vercel-scripts.com/v1/script.debug.js:0
[  535491ms] [WARNING] Image with src "/images/home/pillar-development.jpg" was detected as the Largest Contentful Paint (LCP). Please add the "priority" property if this image is above the fold.
Read more: https://nextjs.org/docs/api-reference/next/image#priority @ webpack-internal:///(app-pages-browser)/./node_modules/.pnpm/next@14.2.35_react-dom@18.3.1_react@18.3.1__react@18.3.1_sass@1.97.3/node_modules/next/dist/shared/lib/utils/warn-once.js:15
